TN:
SF:/usr/src/app/server.js
FN:16,(anonymous_0)
FN:24,(anonymous_1)
FNF:2
FNH:0
FNDA:0,(anonymous_0)
FNDA:0,(anonymous_1)
DA:1,1
DA:2,0
DA:5,1
DA:6,1
DA:7,1
DA:8,1
DA:10,1
DA:11,1
DA:13,1
DA:14,1
DA:16,1
DA:17,0
DA:21,1
DA:23,1
DA:24,0
DA:27,1
LF:16
LH:13
BRDA:1,0,0,0
BRDA:1,0,1,1
BRDA:8,1,0,1
BRDA:8,1,1,1
BRDA:23,2,0,0
BRDA:23,2,1,1
BRF:6
BRH:4
end_of_record
TN:
SF:/usr/src/app/controllers/api/index.js
FNF:0
FNH:0
DA:1,1
DA:2,1
DA:3,1
DA:5,1
DA:7,1
LF:5
LH:5
BRF:0
BRH:0
end_of_record
TN:
SF:/usr/src/app/controllers/api/v1/index.js
FNF:0
FNH:0
DA:1,1
DA:2,1
DA:4,1
DA:6,1
LF:4
LH:4
BRF:0
BRH:0
end_of_record
TN:
SF:/usr/src/app/controllers/api/v1/test.js
FN:5,(anonymous_0)
FNF:1
FNH:1
FNDA:1,(anonymous_0)
DA:1,1
DA:2,1
DA:3,1
DA:5,1
DA:6,1
DA:7,1
DA:8,1
DA:9,1
DA:10,1
DA:11,1
DA:12,1
DA:13,1
DA:14,1
DA:15,1
DA:16,1
DA:30,1
DA:33,1
LF:17
LH:17
BRF:0
BRH:0
end_of_record
TN:
SF:/usr/src/app/middleware/common-middleware.js
FNF:0
FNH:0
DA:1,1
DA:3,1
DA:4,1
DA:8,1
LF:4
LH:4
BRF:0
BRH:0
end_of_record
